<?xml version="1.0" encoding="UTF-8" ?>
<testsuite errors="1" failures="4" hostname="darshneel-PC" name="net.sourceforge.cruisecontrol.sampleproject.connectfour.PlayingStandTest" skipped="0" tests="10" time="0.168" timestamp="2017-01-16T01:50:20">
  <properties>
    <property name="ant.project.invoked-targets" value="windows" />
    <property name="java.runtime.name" value="Java(TM) SE Runtime Environment" />
    <property name="sun.boot.library.path" value="C:\Program Files\Java\jdk1.7.0_79\jre\bin" />
    <property name="java.vm.version" value="24.79-b02" />
    <property name="ant.library.dir" value="C:\Users\darshneel\Downloads\apache-ant-1.9.8-bin\lib" />
    <property name="ant.version" value="Apache Ant(TM) version 1.9.8 compiled on December 25 2016" />
    <property name="ant.java.version" value="1.7" />
    <property name="java.vm.vendor" value="Oracle Corporation" />
    <property name="java.vendor.url" value="http://java.oracle.com/" />
    <property name="path.separator" value=";" />
    <property name="java.vm.name" value="Java HotSpot(TM) 64-Bit Server VM" />
    <property name="file.encoding.pkg" value="sun.io" />
    <property name="user.script" value="" />
    <property name="user.country" value="US" />
    <property name="sun.java.launcher" value="SUN_STANDARD" />
    <property name="sun.os.patch.level" value="" />
    <property name="java.vm.specification.name" value="Java Virtual Machine Specification" />
    <property name="user.dir" value="C:\Users\darshneel\Downloads\Build and Release-20161226T033604Z\Build and Release\Jenkins-65\sampleproject" />
    <property name="java.runtime.version" value="1.7.0_79-b15" />
    <property name="java.awt.graphicsenv" value="sun.awt.Win32GraphicsEnvironment" />
    <property name="basedir" value="C:\Users\darshneel\Downloads\Build and Release-20161226T033604Z\Build and Release\Jenkins-65\sampleproject" />
    <property name="java.endorsed.dirs" value="C:\Program Files\Java\jdk1.7.0_79\jre\lib\endorsed" />
    <property name="os.arch" value="amd64" />
    <property name="ant.project.default-target" value="first" />
    <property name="java.io.tmpdir" value="C:\Users\DARSHN~1\AppData\Local\Temp\" />
    <property name="ant.core.lib" value="C:\Users\darshneel\Downloads\apache-ant-1.9.8-bin\lib\ant.jar" />
    <property name="line.separator" value="&#xd;&#xa;" />
    <property name="java.vm.specification.vendor" value="Oracle Corporation" />
    <property name="user.variant" value="" />
    <property name="os.name" value="Windows 8.1" />
    <property name="ant.file.connectfour" value="C:\Users\darshneel\Downloads\Build and Release-20161226T033604Z\Build and Release\Jenkins-65\sampleproject\build.xml" />
    <property name="ant.home" value="C:\Users\darshneel\Downloads\apache-ant-1.9.8-bin" />
    <property name="ant.project.name" value="connectfour" />
    <property name="sun.jnu.encoding" value="Cp1252" />
    <property name="java.library.path" value="C:\Program Files\Java\jdk1.7.0_79\bin;C:\WINDOWS\Sun\Java\bin;C:\WINDOWS\system32;C:\WINDOWS;c:\Rtools\bin;c:\Rtools\gcc-4.6.3\bin;%JAVA_HOME%\bin;C:\WINDOWS\system32;C:\WINDOWS;C:\WINDOWS\System32\Wbem;C:\WINDOWS\System32\WindowsPowerShell\v1.0\;C:\Program Files (x86)\Skype\Phone\;C:\Program Files\Git\cmd;C:\Users\darshneel\Downloads\apache-ant-1.9.8-bin\bin;C:\Users\darshneel\AppData\Local\Microsoft\WindowsApps;C:\Users\darshneel\AppData\Roaming\Dashlane\4.6.3.20239\bin\Firefox_Extension\{442718d9-475e-452a-b3e1-fb1ee16b8e9f}\components;C:\Users\darshneel\AppData\Roaming\Dashlane\4.6.4.21286\bin\Firefox_Extension\{442718d9-475e-452a-b3e1-fb1ee16b8e9f}\components;C:\Users\darshneel\AppData\Roaming\Dashlane\4.6.5.21982\bin\Firefox_Extension\{442718d9-475e-452a-b3e1-fb1ee16b8e9f}\components;C:\Users\darshneel\AppData\Roaming\Dashlane\4.6.6.23032\bin\Firefox_Extension\{442718d9-475e-452a-b3e1-fb1ee16b8e9f}\components;." />
    <property name="ant.file.type.connectfour" value="file" />
    <property name="java.class.version" value="51.0" />
    <property name="java.specification.name" value="Java Platform API Specification" />
    <property name="sun.management.compiler" value="HotSpot 64-Bit Tiered Compilers" />
    <property name="os.version" value="6.3" />
    <property name="ant.file" value="C:\Users\darshneel\Downloads\Build and Release-20161226T033604Z\Build and Release\Jenkins-65\sampleproject\build.xml" />
    <property name="user.home" value="C:\Users\darshneel" />
    <property name="user.timezone" value="" />
    <property name="java.awt.printerjob" value="sun.awt.windows.WPrinterJob" />
    <property name="file.encoding" value="Cp1252" />
    <property name="java.specification.version" value="1.7" />
    <property name="user.name" value="darshneel" />
    <property name="java.class.path" value="C:\Users\darshneel\Downloads\apache-ant-1.9.8-bin\lib\ant-launcher.jar;C:\Users\darshneel\Downloads\apache-ant-1.9.8-bin\lib\ant-antlr.jar;C:\Users\darshneel\Downloads\apache-ant-1.9.8-bin\lib\ant-apache-bcel.jar;C:\Users\darshneel\Downloads\apache-ant-1.9.8-bin\lib\ant-apache-bsf.jar;C:\Users\darshneel\Downloads\apache-ant-1.9.8-bin\lib\ant-apache-log4j.jar;C:\Users\darshneel\Downloads\apache-ant-1.9.8-bin\lib\ant-apache-oro.jar;C:\Users\darshneel\Downloads\apache-ant-1.9.8-bin\lib\ant-apache-regexp.jar;C:\Users\darshneel\Downloads\apache-ant-1.9.8-bin\lib\ant-apache-resolver.jar;C:\Users\darshneel\Downloads\apache-ant-1.9.8-bin\lib\ant-apache-xalan2.jar;C:\Users\darshneel\Downloads\apache-ant-1.9.8-bin\lib\ant-commons-logging.jar;C:\Users\darshneel\Downloads\apache-ant-1.9.8-bin\lib\ant-commons-net.jar;C:\Users\darshneel\Downloads\apache-ant-1.9.8-bin\lib\ant-jai.jar;C:\Users\darshneel\Downloads\apache-ant-1.9.8-bin\lib\ant-javamail.jar;C:\Users\darshneel\Downloads\apache-ant-1.9.8-bin\lib\ant-jdepend.jar;C:\Users\darshneel\Downloads\apache-ant-1.9.8-bin\lib\ant-jmf.jar;C:\Users\darshneel\Downloads\apache-ant-1.9.8-bin\lib\ant-jsch.jar;C:\Users\darshneel\Downloads\apache-ant-1.9.8-bin\lib\ant-junit.jar;C:\Users\darshneel\Downloads\apache-ant-1.9.8-bin\lib\ant-junit4.jar;C:\Users\darshneel\Downloads\apache-ant-1.9.8-bin\lib\ant-launcher.jar;C:\Users\darshneel\Downloads\apache-ant-1.9.8-bin\lib\ant-netrexx.jar;C:\Users\darshneel\Downloads\apache-ant-1.9.8-bin\lib\ant-swing.jar;C:\Users\darshneel\Downloads\apache-ant-1.9.8-bin\lib\ant-testutil.jar;C:\Users\darshneel\Downloads\apache-ant-1.9.8-bin\lib\ant.jar;C:\Program Files\Java\jdk1.7.0_79\lib\tools.jar" />
    <property name="java.vm.specification.version" value="1.7" />
    <property name="sun.java.command" value="org.apache.tools.ant.launch.Launcher windows" />
    <property name="java.home" value="C:\Program Files\Java\jdk1.7.0_79\jre" />
    <property name="sun.arch.data.model" value="64" />
    <property name="java.specification.vendor" value="Oracle Corporation" />
    <property name="user.language" value="en" />
    <property name="awt.toolkit" value="sun.awt.windows.WToolkit" />
    <property name="java.vm.info" value="mixed mode" />
    <property name="java.version" value="1.7.0_79" />
    <property name="java.ext.dirs" value="C:\Program Files\Java\jdk1.7.0_79\jre\lib\ext;C:\WINDOWS\Sun\Java\lib\ext" />
    <property name="sun.boot.class.path" value="C:\Program Files\Java\jdk1.7.0_79\jre\lib\resources.jar;C:\Program Files\Java\jdk1.7.0_79\jre\lib\rt.jar;C:\Program Files\Java\jdk1.7.0_79\jre\lib\sunrsasign.jar;C:\Program Files\Java\jdk1.7.0_79\jre\lib\jsse.jar;C:\Program Files\Java\jdk1.7.0_79\jre\lib\jce.jar;C:\Program Files\Java\jdk1.7.0_79\jre\lib\charsets.jar;C:\Program Files\Java\jdk1.7.0_79\jre\lib\jfr.jar;C:\Program Files\Java\jdk1.7.0_79\jre\classes" />
    <property name="java.vendor" value="Oracle Corporation" />
    <property name="file.separator" value="\" />
    <property name="java.vendor.url.bug" value="http://bugreport.sun.com/bugreport/" />
    <property name="sun.cpu.endian" value="little" />
    <property name="sun.io.unicode.encoding" value="UnicodeLittle" />
    <property name="ant.file.type" value="file" />
    <property name="sun.desktop" value="windows" />
    <property name="sun.cpu.isalist" value="amd64" />
  </properties>
  <testcase classname="net.sourceforge.cruisecontrol.sampleproject.connectfour.PlayingStandTest" name="testNoWinner" time="0.002" />
  <testcase classname="net.sourceforge.cruisecontrol.sampleproject.connectfour.PlayingStandTest" name="testFourConnectedDiagonally" time="0.109">
    <failure type="junit.framework.AssertionFailedError">junit.framework.AssertionFailedError
	at net.sourceforge.cruisecontrol.sampleproject.connectfour.PlayingStandTest.testFourConnectedDiagonally(Unknown Source)
</failure>
  </testcase>
  <testcase classname="net.sourceforge.cruisecontrol.sampleproject.connectfour.PlayingStandTest" name="testFullColumn" time="0.0" />
  <testcase classname="net.sourceforge.cruisecontrol.sampleproject.connectfour.PlayingStandTest" name="testFourConnectedHorizontally" time="0.051">
    <failure type="junit.framework.AssertionFailedError">junit.framework.AssertionFailedError
	at net.sourceforge.cruisecontrol.sampleproject.connectfour.PlayingStandTest.testFourConnectedHorizontally(Unknown Source)
</failure>
  </testcase>
  <testcase classname="net.sourceforge.cruisecontrol.sampleproject.connectfour.PlayingStandTest" name="testFourConnected" time="0.001">
    <failure type="junit.framework.AssertionFailedError">junit.framework.AssertionFailedError
	at net.sourceforge.cruisecontrol.sampleproject.connectfour.PlayingStandTest.testFourConnected(Unknown Source)
</failure>
  </testcase>
  <testcase classname="net.sourceforge.cruisecontrol.sampleproject.connectfour.PlayingStandTest" name="testStandControlsTurns" time="0.0" />
  <testcase classname="net.sourceforge.cruisecontrol.sampleproject.connectfour.PlayingStandTest" name="testNonExistentColumn" time="0.001" />
  <testcase classname="net.sourceforge.cruisecontrol.sampleproject.connectfour.PlayingStandTest" name="testWinningPlacement" time="0.0">
    <error type="net.sourceforge.cruisecontrol.sampleproject.connectfour.GameNotOverException">net.sourceforge.cruisecontrol.sampleproject.connectfour.GameNotOverException
	at net.sourceforge.cruisecontrol.sampleproject.connectfour.PlayingStand.getWinningPlacement(Unknown Source)
	at net.sourceforge.cruisecontrol.sampleproject.connectfour.PlayingStandTest.testWinningPlacement(Unknown Source)
</error>
  </testcase>
  <testcase classname="net.sourceforge.cruisecontrol.sampleproject.connectfour.PlayingStandTest" name="testDownwardDiagonalWins" time="0.001">
    <failure type="junit.framework.AssertionFailedError">junit.framework.AssertionFailedError
	at net.sourceforge.cruisecontrol.sampleproject.connectfour.PlayingStandTest.testDownwardDiagonalWins(Unknown Source)
</failure>
  </testcase>
  <testcase classname="net.sourceforge.cruisecontrol.sampleproject.connectfour.PlayingStandTest" name="testNoWinningPlacementBeforeGameOver" time="0.0" />
  <system-out><![CDATA[]]></system-out>
  <system-err><![CDATA[]]></system-err>
</testsuite>
